2025-02-24T15:41:18.609+05:30  INFO 22460 --- [employeepayroll] [main] c.e.EmployeePayrollApplication           : Starting EmployeePayrollApplication using Java 20.0.2 with PID 22460 (C:\Users\ASUS\Desktop\employeepayroll\EmployeePayroll\target\classes started by ASUS in C:\Users\ASUS\Desktop\employeepayroll\EmployeePayroll)
2025-02-24T15:41:18.612+05:30 DEBUG 22460 --- [employeepayroll] [main] c.e.EmployeePayrollApplication           : Running with Spring Boot v3.4.3, Spring v6.2.3
2025-02-24T15:41:18.613+05:30  INFO 22460 --- [employeepayroll] [main] c.e.EmployeePayrollApplication           : No active profile set, falling back to 1 default profile: "default"
2025-02-24T15:41:19.452+05:30  INFO 22460 --- [employeepayroll] [main] .s.d.r.c.RepositoryConfigurationDelegate : Bootstrapping Spring Data JPA repositories in DEFAULT mode.
2025-02-24T15:41:19.530+05:30  INFO 22460 --- [employeepayroll] [main] .s.d.r.c.RepositoryConfigurationDelegate : Finished Spring Data repository scanning in 62 ms. Found 1 JPA repository interface.
2025-02-24T15:41:20.203+05:30  INFO 22460 --- [employeepayroll] [main] o.s.b.w.embedded.tomcat.TomcatWebServer  : Tomcat initialized with port 8080 (http)
2025-02-24T15:41:20.215+05:30  INFO 22460 --- [employeepayroll] [main] o.apache.catalina.core.StandardService   : Starting service [Tomcat]
2025-02-24T15:41:20.215+05:30  INFO 22460 --- [employeepayroll] [main] o.apache.catalina.core.StandardEngine    : Starting Servlet engine: [Apache Tomcat/10.1.36]
2025-02-24T15:41:20.273+05:30  INFO 22460 --- [employeepayroll] [main] o.a.c.c.C.[Tomcat].[localhost].[/]       : Initializing Spring embedded WebApplicationContext
2025-02-24T15:41:20.273+05:30  INFO 22460 --- [employeepayroll] [main] w.s.c.ServletWebServerApplicationContext : Root WebApplicationContext: initialization completed in 1592 ms
2025-02-24T15:41:20.476+05:30  INFO 22460 --- [employeepayroll] [main] o.hibernate.jpa.internal.util.LogHelper  : HHH000204: Processing PersistenceUnitInfo [name: default]
2025-02-24T15:41:20.536+05:30  INFO 22460 --- [employeepayroll] [main] org.hibernate.Version                    : HHH000412: Hibernate ORM core version 6.6.8.Final
2025-02-24T15:41:20.577+05:30  INFO 22460 --- [employeepayroll] [main] o.h.c.internal.RegionFactoryInitiator    : HHH000026: Second-level cache disabled
2025-02-24T15:41:20.910+05:30  INFO 22460 --- [employeepayroll] [main] o.s.o.j.p.SpringPersistenceUnitInfo      : No LoadTimeWeaver setup: ignoring JPA class transformer
2025-02-24T15:41:20.945+05:30  INFO 22460 --- [employeepayroll] [main] com.zaxxer.hikari.HikariDataSource       : HikariPool-1 - Starting...
2025-02-24T15:41:21.278+05:30  INFO 22460 --- [employeepayroll] [main] com.zaxxer.hikari.pool.HikariPool        : HikariPool-1 - Added connection com.mysql.cj.jdbc.ConnectionImpl@6723cce7
2025-02-24T15:41:21.280+05:30  INFO 22460 --- [employeepayroll] [main] com.zaxxer.hikari.HikariDataSource       : HikariPool-1 - Start completed.
2025-02-24T15:41:21.317+05:30  WARN 22460 --- [employeepayroll] [main] org.hibernate.dialect.Dialect            : HHH000511: The 5.7.43 version for [org.hibernate.dialect.MySQLDialect] is no longer supported, hence certain features may not work properly. The minimum supported version is 8.0.0. Check the community dialects project for available legacy versions.
2025-02-24T15:41:21.322+05:30  WARN 22460 --- [employeepayroll] [main] org.hibernate.orm.deprecation            : HHH90000025: MySQLDialect does not need to be specified explicitly using 'hibernate.dialect' (remove the property setting and it will be selected by default)
2025-02-24T15:41:21.341+05:30  INFO 22460 --- [employeepayroll] [main] org.hibernate.orm.connections.pooling    : HHH10001005: Database info:
	Database JDBC URL [Connecting through datasource 'HikariDataSource (HikariPool-1)']
	Database driver: undefined/unknown
	Database version: 5.7.43
	Autocommit mode: undefined/unknown
	Isolation level: undefined/unknown
	Minimum pool size: undefined/unknown
	Maximum pool size: undefined/unknown
2025-02-24T15:41:22.114+05:30  INFO 22460 --- [employeepayroll] [main] o.h.e.t.j.p.i.JtaPlatformInitiator       : HHH000489: No JTA platform available (set 'hibernate.transaction.jta.platform' to enable JTA platform integration)
2025-02-24T15:41:22.150+05:30  INFO 22460 --- [employeepayroll] [main] j.LocalContainerEntityManagerFactoryBean : Initialized JPA EntityManagerFactory for persistence unit 'default'
2025-02-24T15:41:22.462+05:30  WARN 22460 --- [employeepayroll] [main] JpaBaseConfiguration$JpaWebConfiguration : spring.jpa.open-in-view is enabled by default. Therefore, database queries may be performed during view rendering. Explicitly configure spring.jpa.open-in-view to disable this warning
2025-02-24T15:41:22.899+05:30  INFO 22460 --- [employeepayroll] [main] o.s.b.w.embedded.tomcat.TomcatWebServer  : Tomcat started on port 8080 (http) with context path '/'
2025-02-24T15:41:22.909+05:30  INFO 22460 --- [employeepayroll] [main] c.e.EmployeePayrollApplication           : Started EmployeePayrollApplication in 4.917 seconds (process running for 5.405)
2025-02-24T15:41:29.299+05:30  INFO 22460 --- [employeepayroll] [SpringApplicationShutdownHook] o.s.b.w.e.tomcat.GracefulShutdown        : Commencing graceful shutdown. Waiting for active requests to complete
2025-02-24T15:41:29.376+05:30  INFO 22460 --- [employeepayroll] [tomcat-shutdown] o.s.b.w.e.tomcat.GracefulShutdown        : Graceful shutdown complete
2025-02-24T15:41:29.379+05:30  INFO 22460 --- [employeepayroll] [SpringApplicationShutdownHook] j.LocalContainerEntityManagerFactoryBean : Closing JPA EntityManagerFactory for persistence unit 'default'
2025-02-24T15:41:29.380+05:30  INFO 22460 --- [employeepayroll] [SpringApplicationShutdownHook] com.zaxxer.hikari.HikariDataSource       : HikariPool-1 - Shutdown initiated...
2025-02-24T15:41:29.385+05:30  INFO 22460 --- [employeepayroll] [SpringApplicationShutdownHook] com.zaxxer.hikari.HikariDataSource       : HikariPool-1 - Shutdown completed.
2025-02-24T15:41:31.472+05:30  INFO 2156 --- [employeepayroll] [main] c.e.EmployeePayrollApplication           : Starting EmployeePayrollApplication using Java 20.0.2 with PID 2156 (C:\Users\ASUS\Desktop\employeepayroll\EmployeePayroll\target\classes started by ASUS in C:\Users\ASUS\Desktop\employeepayroll\EmployeePayroll)
2025-02-24T15:41:31.474+05:30 DEBUG 2156 --- [employeepayroll] [main] c.e.EmployeePayrollApplication           : Running with Spring Boot v3.4.3, Spring v6.2.3
2025-02-24T15:41:31.476+05:30  INFO 2156 --- [employeepayroll] [main] c.e.EmployeePayrollApplication           : No active profile set, falling back to 1 default profile: "default"
2025-02-24T15:41:32.261+05:30  INFO 2156 --- [employeepayroll] [main] .s.d.r.c.RepositoryConfigurationDelegate : Bootstrapping Spring Data JPA repositories in DEFAULT mode.
2025-02-24T15:41:32.332+05:30  INFO 2156 --- [employeepayroll] [main] .s.d.r.c.RepositoryConfigurationDelegate : Finished Spring Data repository scanning in 54 ms. Found 1 JPA repository interface.
2025-02-24T15:41:32.932+05:30  INFO 2156 --- [employeepayroll] [main] o.s.b.w.embedded.tomcat.TomcatWebServer  : Tomcat initialized with port 8080 (http)
2025-02-24T15:41:32.945+05:30  INFO 2156 --- [employeepayroll] [main] o.apache.catalina.core.StandardService   : Starting service [Tomcat]
2025-02-24T15:41:32.945+05:30  INFO 2156 --- [employeepayroll] [main] o.apache.catalina.core.StandardEngine    : Starting Servlet engine: [Apache Tomcat/10.1.36]
2025-02-24T15:41:33.009+05:30  INFO 2156 --- [employeepayroll] [main] o.a.c.c.C.[Tomcat].[localhost].[/]       : Initializing Spring embedded WebApplicationContext
2025-02-24T15:41:33.010+05:30  INFO 2156 --- [employeepayroll] [main] w.s.c.ServletWebServerApplicationContext : Root WebApplicationContext: initialization completed in 1476 ms
2025-02-24T15:41:33.222+05:30  INFO 2156 --- [employeepayroll] [main] o.hibernate.jpa.internal.util.LogHelper  : HHH000204: Processing PersistenceUnitInfo [name: default]
2025-02-24T15:41:33.281+05:30  INFO 2156 --- [employeepayroll] [main] org.hibernate.Version                    : HHH000412: Hibernate ORM core version 6.6.8.Final
2025-02-24T15:41:33.315+05:30  INFO 2156 --- [employeepayroll] [main] o.h.c.internal.RegionFactoryInitiator    : HHH000026: Second-level cache disabled
2025-02-24T15:41:33.598+05:30  INFO 2156 --- [employeepayroll] [main] o.s.o.j.p.SpringPersistenceUnitInfo      : No LoadTimeWeaver setup: ignoring JPA class transformer
2025-02-24T15:41:33.635+05:30  INFO 2156 --- [employeepayroll] [main] com.zaxxer.hikari.HikariDataSource       : HikariPool-1 - Starting...
2025-02-24T15:41:33.964+05:30  INFO 2156 --- [employeepayroll] [main] com.zaxxer.hikari.pool.HikariPool        : HikariPool-1 - Added connection com.mysql.cj.jdbc.ConnectionImpl@6ce2e079
2025-02-24T15:41:33.966+05:30  INFO 2156 --- [employeepayroll] [main] com.zaxxer.hikari.HikariDataSource       : HikariPool-1 - Start completed.
2025-02-24T15:41:34.006+05:30  WARN 2156 --- [employeepayroll] [main] org.hibernate.dialect.Dialect            : HHH000511: The 5.7.43 version for [org.hibernate.dialect.MySQLDialect] is no longer supported, hence certain features may not work properly. The minimum supported version is 8.0.0. Check the community dialects project for available legacy versions.
2025-02-24T15:41:34.010+05:30  WARN 2156 --- [employeepayroll] [main] org.hibernate.orm.deprecation            : HHH90000025: MySQLDialect does not need to be specified explicitly using 'hibernate.dialect' (remove the property setting and it will be selected by default)
2025-02-24T15:41:34.026+05:30  INFO 2156 --- [employeepayroll] [main] org.hibernate.orm.connections.pooling    : HHH10001005: Database info:
	Database JDBC URL [Connecting through datasource 'HikariDataSource (HikariPool-1)']
	Database driver: undefined/unknown
	Database version: 5.7.43
	Autocommit mode: undefined/unknown
	Isolation level: undefined/unknown
	Minimum pool size: undefined/unknown
	Maximum pool size: undefined/unknown
2025-02-24T15:41:34.739+05:30  INFO 2156 --- [employeepayroll] [main] o.h.e.t.j.p.i.JtaPlatformInitiator       : HHH000489: No JTA platform available (set 'hibernate.transaction.jta.platform' to enable JTA platform integration)
2025-02-24T15:41:34.775+05:30  INFO 2156 --- [employeepayroll] [main] j.LocalContainerEntityManagerFactoryBean : Initialized JPA EntityManagerFactory for persistence unit 'default'
2025-02-24T15:41:35.094+05:30  WARN 2156 --- [employeepayroll] [main] JpaBaseConfiguration$JpaWebConfiguration : spring.jpa.open-in-view is enabled by default. Therefore, database queries may be performed during view rendering. Explicitly configure spring.jpa.open-in-view to disable this warning
2025-02-24T15:41:35.536+05:30  INFO 2156 --- [employeepayroll] [main] o.s.b.w.embedded.tomcat.TomcatWebServer  : Tomcat started on port 8080 (http) with context path '/'
2025-02-24T15:41:35.546+05:30  INFO 2156 --- [employeepayroll] [main] c.e.EmployeePayrollApplication           : Started EmployeePayrollApplication in 4.65 seconds (process running for 5.246)
2025-02-24T15:41:35.549+05:30  INFO 2156 --- [employeepayroll] [SpringApplicationShutdownHook] o.s.b.w.e.tomcat.GracefulShutdown        : Commencing graceful shutdown. Waiting for active requests to complete
2025-02-24T15:41:35.636+05:30  INFO 2156 --- [employeepayroll] [tomcat-shutdown] o.s.b.w.e.tomcat.GracefulShutdown        : Graceful shutdown complete
2025-02-24T15:41:35.639+05:30  INFO 2156 --- [employeepayroll] [SpringApplicationShutdownHook] j.LocalContainerEntityManagerFactoryBean : Closing JPA EntityManagerFactory for persistence unit 'default'
2025-02-24T15:41:35.641+05:30  INFO 2156 --- [employeepayroll] [SpringApplicationShutdownHook] com.zaxxer.hikari.HikariDataSource       : HikariPool-1 - Shutdown initiated...
2025-02-24T15:41:35.646+05:30  INFO 2156 --- [employeepayroll] [SpringApplicationShutdownHook] com.zaxxer.hikari.HikariDataSource       : HikariPool-1 - Shutdown completed.
